<?xml version="1.0" encoding="UTF-8"?>
<testng-results ignored="0" total="1" passed="1" failed="0" skipped="0">
  <reporter-output>
  </reporter-output>
  <suite started-at="2023-12-27T17:35:44 IST" name="Suite" finished-at="2023-12-27T17:36:02 IST" duration-ms="18428">
    <groups>
    </groups>
    <test started-at="2023-12-27T17:35:44 IST" name="Test" finished-at="2023-12-27T17:36:02 IST" duration-ms="18428">
      <class name="testCases.Test_LogIn">
        <test-method is-config="true" signature="setUp(java.lang.String)[pri:0, instance:testCases.Test_LogIn@6e6f2380]" started-at="2023-12-27T17:35:44 IST" name="setUp" finished-at="2023-12-27T17:35:55 IST" duration-ms="10634" status="PASS">
          <params>
            <param index="0">
              <value>
                <![CDATA[chrome]]>
              </value>
            </param>
          </params>
          <reporter-output>
          </reporter-output>
        </test-method> <!-- setUp -->
        <test-method signature="logIn()[pri:0, instance:testCases.Test_LogIn@6e6f2380]" started-at="2023-12-27T17:35:55 IST" name="logIn" finished-at="2023-12-27T17:36:00 IST" duration-ms="4867" status="PASS">
          <reporter-output>
          </reporter-output>
        </test-method> <!-- logIn -->
        <test-method is-config="true" signature="tearDown()[pri:0, instance:testCases.Test_LogIn@6e6f2380]" started-at="2023-12-27T17:36:00 IST" name="tearDown" finished-at="2023-12-27T17:36:02 IST" duration-ms="2386" status="PASS">
          <reporter-output>
          </reporter-output>
        </test-method> <!-- tearDown -->
      </class> <!-- testCases.Test_LogIn -->
    </test> <!-- Test -->
  </suite> <!-- Suite -->
</testng-results>
